<?xml version="1.0" encoding="UTF-8"?>
<!-- Generated by org.testng.reporters.JUnitReportReporter -->
<testsuite hostname="LAPTOP-5TIT49CS" failures="1" tests="1" name="runner.TestRunner" time="0.190" errors="0" timestamp="2025-02-03T19:00:11 IST" skipped="0">
  <testcase classname="runner.TestRunner" name="runScenario" time="0.190">
    <failure message="Cannot invoke &quot;org.openqa.selenium.WebDriver.findElement(org.openqa.selenium.By)&quot; because &quot;com.Hrms.utils.CommonUtils.driver&quot; is null" type="java.lang.AssertionError">
      <![CDATA[java.lang.AssertionError: Cannot invoke "org.openqa.selenium.WebDriver.findElement(org.openqa.selenium.By)" because "com.Hrms.utils.CommonUtils.driver" is null
at org.testng.Assert.fail(Assert.java:99)
at com.Hrms.utils.TestNGUtility.assertFail(TestNGUtility.java:34)
at com.Hrms.utils.CommonUtils.findElement(CommonUtils.java:83)
at com.Hrms.utils.CommonUtils.clearWholeText(CommonUtils.java:137)
at com.Hrms.utils.CommonUtils.enterValue(CommonUtils.java:128)
at com.Hrms.pages.LoginPage.login(LoginPage.java:28)
at stepDefinations.TestPIMPage.log_in_to_the_application(TestPIMPage.java:29)
at ✽.log in to the application(file:///C:/Users/Hanumanthu/OneDrive/Pictures/coreHRM_7pm/coreHRMS/src/test/resources/Features/addEmployee.feature:4)
]]>
    </failure>
  </testcase> <!-- runScenario -->
  <system-out/>
</testsuite> <!-- runner.TestRunner -->
