<?xml version="1.0" encoding="UTF-8"?>
<!-- Generated by org.testng.reporters.JUnitXMLReporter -->
<testsuite ignored="0" hostname="LAPTOP-5TIT49CS" failures="1" tests="1" name="Default test" time="1.138" errors="0" timestamp="2025-02-03T19:00:11 IST">
  <testcase classname="io.cucumber.testng.AbstractTestNGCucumberTests" name="runScenario" time="0.19">
    <failure type="java.lang.AssertionError" message="Cannot invoke &amp;quot;org.openqa.selenium.WebDriver.findElement(org.openqa.selenium.By)&amp;quot; because &amp;quot;com.Hrms.utils.CommonUtils.driver&amp;quot; is null">
      <![CDATA[java.lang.AssertionError: Cannot invoke "org.openqa.selenium.WebDriver.findElement(org.openqa.selenium.By)" because "com.Hrms.utils.CommonUtils.driver" is null
at org.testng.Assert.fail(Assert.java:99)
at com.Hrms.utils.TestNGUtility.assertFail(TestNGUtility.java:34)
at com.Hrms.utils.CommonUtils.findElement(CommonUtils.java:83)
at com.Hrms.utils.CommonUtils.clearWholeText(CommonUtils.java:137)
at com.Hrms.utils.CommonUtils.enterValue(CommonUtils.java:128)
at com.Hrms.pages.LoginPage.login(LoginPage.java:28)
at stepDefinations.TestPIMPage.log_in_to_the_application(TestPIMPage.java:29)
at ✽.log in to the application(file:///C:/Users/Hanumanthu/OneDrive/Pictures/coreHRM_7pm/coreHRMS/src/test/resources/Features/addEmployee.feature:4)
]]>
    </failure>
  </testcase> <!-- runScenario -->
</testsuite> <!-- Default test -->
