<?xml version="1.0" encoding="UTF-8"?>
<!-- Generated by org.testng.reporters.JUnitXMLReporter -->
<testsuite ignored="8" hostname="LAPTOP-5TIT49CS" failures="0" tests="1" name="Smoke Testing" time="22.274" errors="0" timestamp="2024-12-30T16:31:41 IST">
  <testcase classname="com.Hrms.tests.TestPIMPage" name="addEmployee" time="18.572"/>
  <testcase classname="com.Hrms.tests.TestPIMPage" name="editEmployeeDetails" time="0.0">
    <ignored/>
  </testcase> <!-- editEmployeeDetails -->
  <testcase classname="com.Hrms.tests.TestPIMPage" name="addEmployeePhotos" time="0.0">
    <ignored/>
  </testcase> <!-- addEmployeePhotos -->
  <testcase classname="com.Hrms.tests.TestPIMPage" name="editEmploymentStatus" time="0.0">
    <ignored/>
  </testcase> <!-- editEmploymentStatus -->
  <testcase classname="com.Hrms.tests.TestPIMPage" name="viewEmployeeList" time="0.0">
    <ignored/>
  </testcase> <!-- viewEmployeeList -->
  <testcase classname="com.Hrms.tests.TestPIMPage" name="filterEmployeeList" time="0.0">
    <ignored/>
  </testcase> <!-- filterEmployeeList -->
  <testcase classname="com.Hrms.tests.TestPIMPage" name="viewEmployeeDetails" time="0.0">
    <ignored/>
  </testcase> <!-- viewEmployeeDetails -->
  <testcase classname="com.Hrms.tests.TestPIMPage" name="deleteEmployee" time="0.0">
    <ignored/>
  </testcase> <!-- deleteEmployee -->
  <testcase classname="com.Hrms.tests.TestPIMPage" name="searchEmployee" time="0.0">
    <ignored/>
  </testcase> <!-- searchEmployee -->
</testsuite> <!-- Smoke Testing -->
