<?xml version="1.0" encoding="UTF-8"?>
<!-- Generated by org.testng.reporters.JUnitXMLReporter -->
<testsuite ignored="7" hostname="LAPTOP-5TIT49CS" failures="1" tests="2" name="Test" time="0.048" errors="0" timestamp="2024-12-05T09:44:54 IST">
  <testcase classname="com.Hrms.tests.TestPIMPage" name="searchEmployee" time="0.011"/>
  <testcase classname="com.Hrms.tests.TestPIMPage" name="editEmployeeDetails" time="0.001">
    <failure type="java.lang.AssertionError" message="expected [Akki] but found [Sai]">
      <![CDATA[java.lang.AssertionError: expected [Akki] but found [Sai]
at com.Hrms.tests.TestPIMPage.editEmployeeDetails(TestPIMPage.java:117)
at java.base/java.util.ArrayList.forEach(ArrayList.java:1511)
... Removed 33 stack frames]]>
    </failure>
  </testcase> <!-- editEmployeeDetails -->
  <testcase classname="com.Hrms.tests.TestPIMPage" name="addEmployeePhotos" time="0.0">
    <ignored/>
  </testcase> <!-- addEmployeePhotos -->
  <testcase classname="com.Hrms.tests.TestPIMPage" name="editEmploymentStatus" time="0.0">
    <ignored/>
  </testcase> <!-- editEmploymentStatus -->
  <testcase classname="com.Hrms.tests.TestPIMPage" name="viewEmployeeList" time="0.0">
    <ignored/>
  </testcase> <!-- viewEmployeeList -->
  <testcase classname="com.Hrms.tests.TestPIMPage" name="filterEmployeeList" time="0.0">
    <ignored/>
  </testcase> <!-- filterEmployeeList -->
  <testcase classname="com.Hrms.tests.TestPIMPage" name="addEmployee" time="0.0">
    <ignored/>
  </testcase> <!-- addEmployee -->
  <testcase classname="com.Hrms.tests.TestPIMPage" name="viewEmployeeDetails" time="0.0">
    <ignored/>
  </testcase> <!-- viewEmployeeDetails -->
  <testcase classname="com.Hrms.tests.TestPIMPage" name="deleteEmployee" time="0.0">
    <ignored/>
  </testcase> <!-- deleteEmployee -->
</testsuite> <!-- Test -->
